<?xml version="1.0" encoding="UTF-8"?>
<!-- Generated by org.testng.reporters.JUnitReportReporter -->
<testsuite hostname="DESKTOP-HP" failures="0" tests="1" name="computerPage.DWS_DESKTOP_06_Test" time="17.726" errors="0" timestamp="2023-11-03T19:25:53 IST" skipped="0">
  <testcase classname="computerPage.DWS_DESKTOP_06_Test" name="Add_product_to_compare_and_remove_them" time="17.726"/>
</testsuite> <!-- computerPage.DWS_DESKTOP_06_Test -->
