<?xml version="1.0" encoding="UTF-8"?>
<!-- Generated by org.testng.reporters.JUnitReportReporter -->
<testsuite hostname="DESKTOP-HP" failures="0" tests="1" name="jewelryPage.DWS_JEWELRY_10_Test" time="10.931" errors="0" timestamp="2023-11-03T20:09:48 IST" skipped="0">
  <testcase classname="jewelryPage.DWS_JEWELRY_10_Test" name="Add_product_to_wishlist_and_remove_from_wishlist" time="10.931"/>
</testsuite> <!-- jewelryPage.DWS_JEWELRY_10_Test -->
