<?xml version="1.0" encoding="UTF-8"?>
<!-- Generated by org.testng.reporters.JUnitReportReporter -->
<testsuite hostname="DESKTOP-HP" failures="0" tests="2" name="frameworkcheck.CheckingExcel" time="0.017" errors="0" timestamp="2023-10-28T10:49:14 IST" skipped="0">
  <testcase classname="frameworkcheck.CheckingExcel" name="readingTheData" time="0.012"/>
  <testcase classname="frameworkcheck.CheckingExcel" name="readingTheData" time="0.005"/>
</testsuite> <!-- frameworkcheck.CheckingExcel -->
