<?xml version="1.0" encoding="UTF-8"?>
<!-- Generated by org.testng.reporters.JUnitReportReporter -->
<testsuite hostname="DESKTOP-HP" failures="0" tests="1" name="bookPage.DWS_Books_04_Test" time="4.229" errors="0" timestamp="2023-11-03T19:24:20 IST" skipped="0">
  <testcase classname="bookPage.DWS_Books_04_Test" name="Add_a_book_to_the_cart" time="4.229"/>
</testsuite> <!-- bookPage.DWS_Books_04_Test -->
