<?xml version="1.0" encoding="UTF-8"?>
<!-- Generated by org.testng.reporters.JUnitReportReporter -->
<testsuite hostname="DESKTOP-HP" failures="0" tests="1" name="jewelryPage.DWS_JEWELRY_08_Test" time="34.320" errors="0" timestamp="2023-11-03T19:28:12 IST" skipped="0">
  <testcase classname="jewelryPage.DWS_JEWELRY_08_Test" name="Email_a_friend_and_check_the_error_message" time="34.320"/>
</testsuite> <!-- jewelryPage.DWS_JEWELRY_08_Test -->
