<?xml version="1.0" encoding="UTF-8"?>
<!-- Generated by org.testng.reporters.JUnitReportReporter -->
<testsuite hostname="DESKTOP-HP" failures="0" tests="1" name="computerPage.DWS_Desktop_05_Test" time="9.928" errors="0" timestamp="2023-11-03T19:25:03 IST" skipped="0">
  <testcase classname="computerPage.DWS_Desktop_05_Test" name="Add_two_products_to_compare_and_check" time="9.928"/>
</testsuite> <!-- computerPage.DWS_Desktop_05_Test -->
