<?xml version="1.0" encoding="UTF-8"?>
<!-- Generated by org.testng.reporters.JUnitReportReporter -->
<testsuite hostname="DESKTOP-HP" failures="0" tests="1" name="jewelryPage.DWS_JEWELRY_07_Test" time="4.792" errors="0" timestamp="2023-11-03T19:26:48 IST" skipped="0">
  <testcase classname="jewelryPage.DWS_JEWELRY_07_Test" name="Filter_the_product_and_check_that_accordingly" time="4.792"/>
</testsuite> <!-- jewelryPage.DWS_JEWELRY_07_Test -->
