<?xml version="1.0" encoding="UTF-8"?>
<!-- Generated by org.testng.reporters.JUnitReportReporter -->
<testsuite hostname="DESKTOP-HP" failures="0" tests="2" name="login.DWS_Login_01_Test" time="7.915" errors="0" timestamp="2023-11-03T19:22:02 IST" skipped="0">
  <testcase classname="login.DWS_Login_01_Test" name="Login_to_application_with_valid_credentials" time="2.454"/>
  <testcase classname="login.DWS_Login_01_Test" name="Login_to_application_with_valid_credentials" time="5.461"/>
</testsuite> <!-- login.DWS_Login_01_Test -->
