<?xml version="1.0" encoding="UTF-8"?>
<!-- Generated by org.testng.reporters.JUnitReportReporter -->
<testsuite hostname="DESKTOP-HP" failures="0" tests="1" name="registerpage.DWS_Register_02_Test" time="2.519" errors="0" timestamp="2023-11-03T19:22:44 IST" skipped="0">
  <testcase classname="registerpage.DWS_Register_02_Test" name="Register_to_the_application_with_valid_credentials" time="2.519"/>
</testsuite> <!-- registerpage.DWS_Register_02_Test -->
