<?xml version="1.0" encoding="UTF-8"?>
<!-- Generated by org.testng.reporters.JUnitReportReporter -->
<testsuite hostname="DESKTOP-HP" failures="0" tests="1" name="homepage.DWS_Features_Products_03_Test" time="4.353" errors="0" timestamp="2023-11-03T19:57:29 IST" skipped="0">
  <testcase classname="homepage.DWS_Features_Products_03_Test" name="Add_product_to_cart_and_check_in_cart" time="4.353"/>
</testsuite> <!-- homepage.DWS_Features_Products_03_Test -->
