<?xml version="1.0" encoding="UTF-8"?>
<!-- Generated by org.testng.reporters.JUnitReportReporter -->
<testsuite hostname="DESKTOP-HP" failures="0" tests="1" name="jewelryPage.DWS_JEWELRY_09_Test" time="8.641" errors="0" timestamp="2023-11-03T20:08:57 IST" skipped="0">
  <testcase classname="jewelryPage.DWS_JEWELRY_09_Test" name="Add_product_to_wishlist_and_check_it_is_added" time="8.641"/>
</testsuite> <!-- jewelryPage.DWS_JEWELRY_09_Test -->
